                                                                        
                                                                        
                                                                        
   __      __ _        _                  _   ______                    
   \ \    / /(_)      | |                | | |___  /                    
    \ \  / /  _  _ __ | |_  _   _   __ _ | |    / /  ___    ___         
     \ \/ /  | || '__|| __|| | | | / _` || |   / /  / _ \  / _ \        
      \  /   | || |   | |_ | |_| || (_| || |  / /__| (_) || (_) |       
       \/    |_||_|    \__| \__,_| \__,_||_| /_____|\___/  \___/        
                                                                        
                                                                        
       1. Display zoo                                                   
       2. Tour zoo                                                      
       3. Display food statistics                                       
       4. Exit                                                          
                                                                        
                                                                        
                                                                        
                                                                        
                                                                        
Select menu option [1|2|3|4]: Input map limit (r1, c1, r2, c2 | from 0 to row/column count - 1):                                                                       
   :: Virtual Zoo ::                                                  
                                                                      
   Wx.AAAAAAAAAAAAxxLLLLLLLLLLLLLLLxWWWWWWW   **Legend*************   
   WW.xAAAAAAAAAAAx.................WWWWWWW   * . Road            *   
   Wx....xAAAALLLLL.....AAAA.xWWWWW.xWWWWWW   * A Air Habitat     *   
   WWLxL.xAAAxLLLLx.rrr.AAAA.WWWWWx.xAAAAAA   * L Land Habitat    *   
   AxA..............rrr.AAAx........AAAAAAA   * W Water Habitat   *   
   AAxLL.LLLLLLxLLx.ppp.WWWW.LLLLLL.AAAAAAA   * r Restaurant      *   
   AAALx.LLLLLLxLLx.ppp.WWWx.LLLLxL........   * p Park            *   
   WWWWx.xLxWWWWWx...........AAAAAAA.xAAAAA   * x Animal          *   
   WWWWx....xWWWWx.pppp.AAAA.AAAAAAx.AAAAAA   *********************   
   LLLLLLxx.WWWxWx.pppp.AAAx.........AAAAAA                           
   .........xAAAxA.xWWW.LLLL.AAAAAAA.xLLLLL                           
   pppp.LLL.xAAAAA.WWWW.LLLL.AAALLLL.xWWWWW                           
   pppp.LLx...AAAA.WWWW.LLLx.AAxLLLx.WWWWWW                           
   rrrr.xWWWx..............................                           
   rrrr.WWWWWLL.xWWWW.rrrrrr.xWWWWW.LLLLLLL                           
   pppp.xAAAALx.WWWWW.rrrrrr.WWWWWW.LLLLLLL                           
   AAAx.AAAAALL.WWWWx.rrrrrr.xAAAAA.xLLLLLL                           
   AAAA.........rrrrr...............AAAAAAA                           
   WWWxWWxLxLLL.rrrrr.xWWWWWWW.WWWAAAAAAAAA                           
   WWxWWxWLLLLx.rrrrr.WWWWWWWW.WWxAxAAAAAAA                           
                                                                      
                                                                      
Input [back] to return to menu:                                                                         
                                                                        
                                                                        
   __      __ _        _                  _   ______                    
   \ \    / /(_)      | |                | | |___  /                    
    \ \  / /  _  _ __ | |_  _   _   __ _ | |    / /  ___    ___         
     \ \/ /  | || '__|| __|| | | | / _` || |   / /  / _ \  / _ \        
      \  /   | || |   | |_ | |_| || (_| || |  / /__| (_) || (_) |       
       \/    |_||_|    \__| \__,_| \__,_||_| /_____|\___/  \___/        
                                                                        
                                                                        
       1. Display zoo                                                   
       2. Tour zoo                                                      
       3. Display food statistics                                       
       4. Exit                                                          
                                                                        
                                                                        
                                                                        
                                                                        
                                                                        
Select menu option [1|2|3|4]: Input map limit (r1, c1, r2, c2 | from 0 to row/column count - 1):                                     
   :: Virtual Zoo ::                
                                    
   Wx.AAA   **Legend*************   
   WW.xAA   * . Road            *   
   Wx....   * A Air Habitat     *   
   WWLxL.   * L Land Habitat    *   
            * W Water Habitat   *   
            * r Restaurant      *   
Input [back] to return to menu:                                                                         
                                                                        
                                                                        
   __      __ _        _                  _   ______                    
   \ \    / /(_)      | |                | | |___  /                    
    \ \  / /  _  _ __ | |_  _   _   __ _ | |    / /  ___    ___         
     \ \/ /  | || '__|| __|| | | | / _` || |   / /  / _ \  / _ \        
      \  /   | || |   | |_ | |_| || (_| || |  / /__| (_) || (_) |       
       \/    |_||_|    \__| \__,_| \__,_||_| /_____|\___/  \___/        
                                                                        
                                                                        
       1. Display zoo                                                   
       2. Tour zoo                                                      
       3. Display food statistics                                       
       4. Exit                                                          
                                                                        
                                                                        
                                                                        
                                                                        
                                                                        
Select menu option [1|2|3|4]: Input map limit (r1, c1, r2, c2 | from 0 to row/column count - 1):                                     
   :: Virtual Zoo ::                
                                    
   AxA.xW   **Legend*************   
   AAA.WW   * . Road            *   
   AAA.WW   * A Air Habitat     *   
   ......   * L Land Habitat    *   
   .xWWWW   * W Water Habitat   *   
   .WWWWW   * r Restaurant      *   
   .WWWWx   * p Park            *   
   .rrrrr   * x Animal          *   
   .rrrrr   *********************   
   .rrrrr                           
                                    
                                    
Input [back] to return to menu:                                                                         
                                                                        
                                                                        
   __      __ _        _                  _   ______                    
   \ \    / /(_)      | |                | | |___  /                    
    \ \  / /  _  _ __ | |_  _   _   __ _ | |    / /  ___    ___         
     \ \/ /  | || '__|| __|| | | | / _` || |   / /  / _ \  / _ \        
      \  /   | || |   | |_ | |_| || (_| || |  / /__| (_) || (_) |       
       \/    |_||_|    \__| \__,_| \__,_||_| /_____|\___/  \___/        
                                                                        
                                                                        
       1. Display zoo                                                   
       2. Tour zoo                                                      
       3. Display food statistics                                       
       4. Exit                                                          
                                                                        
                                                                        
                                                                        
                                                                        
                                                                        
Select menu option [1|2|3|4]: 