                                                                        
                                                                        
                                                                        
   __      __ _        _                  _   ______                    
   \ \    / /(_)      | |                | | |___  /                    
    \ \  / /  _  _ __ | |_  _   _   __ _ | |    / /  ___    ___         
     \ \/ /  | || '__|| __|| | | | / _` || |   / /  / _ \  / _ \        
      \  /   | || |   | |_ | |_| || (_| || |  / /__| (_) || (_) |       
       \/    |_||_|    \__| \__,_| \__,_||_| /_____|\___/  \___/        
                                                                        
                                                                        
       1. Display zoo                                                   
       2. Tour zoo                                                      
       3. Display food statistics                                       
       4. Exit                                                          
                                                                        
                                                                        
                                                                        
                                                                        
                                                                        
Select menu option [1|2|3|4]: Current Position : 6 39
The parrot is imitating someone's voice that said 'I'm handsome!'
The eagle is eating its food that the zoo keeper gave
Current Position : 6 38
The parrot is imitating someone's voice that said 'I'm handsome!'
The eagle is eating its food that the zoo keeper gave
Current Position : 6 37
The parrot is imitating someone's voice that said 'I'm handsome!'
The eagle is eating its food that the zoo keeper gave
Current Position : 6 36
The parrot is imitating someone's voice that said 'I'm handsome!'
The eagle is eating its food that the zoo keeper gave
Current Position : 6 35
The parrot is imitating someone's voice that said 'I'm handsome!'
The eagle is eating its food that the zoo keeper gave
Current Position : 6 34
The parrot is imitating someone's voice that said 'I'm handsome!'
The eagle is eating its food that the zoo keeper gave
Current Position : 6 33
The eagle is eating its food that the zoo keeper gave
Current Position : 7 33
The parrot is imitating someone's voice that said 'I'm handsome!'
The parrot is imitating someone's voice that said 'I'm handsome!'
Current Position : 8 33
The parrot is imitating someone's voice that said 'I'm handsome!'
The parrot is imitating someone's voice that said 'I'm handsome!'
Current Position : 9 33
The parrot is imitating someone's voice that said 'I'm handsome!'
Current Position : 9 32
The eagle is eating its food that the zoo keeper gave
The parrot is imitating someone's voice that said 'I'm handsome!'
Current Position : 9 31
The eagle is eating its food that the zoo keeper gave
The parrot is imitating someone's voice that said 'I'm handsome!'
Current Position : 9 30
The eagle is eating its food that the zoo keeper gave
The parrot is imitating someone's voice that said 'I'm handsome!'
Current Position : 9 29
The eagle is eating its food that the zoo keeper gave
The parrot is imitating someone's voice that said 'I'm handsome!'
Current Position : 9 28
The eagle is eating its food that the zoo keeper gave
The parrot is imitating someone's voice that said 'I'm handsome!'
Current Position : 9 27
The eagle is eating its food that the zoo keeper gave
The parrot is imitating someone's voice that said 'I'm handsome!'
Current Position : 9 26
The eagle is eating its food that the zoo keeper gave
The parrot is imitating someone's voice that said 'I'm handsome!'
Current Position : 9 25
The parrot is imitating someone's voice that said 'I'm handsome!'
Current Position : 10 25
The eagle is eating its food that the zoo keeper gave
The peacock is spreading its tail
Current Position : 11 25
The eagle is eating its food that the zoo keeper gave
The peacock is spreading its tail
Current Position : 12 25
The eagle is eating its food that the zoo keeper gave
The peacock is spreading its tail
Current Position : 13 25
Current Position : 13 24
The peacock is spreading its tail
Current Position : 13 23
The peacock is spreading its tail
Current Position : 13 22
The peacock is spreading its tail
Current Position : 13 21
The peacock is spreading its tail
Current Position : 13 20
Current Position : 12 20
The peacock is spreading its tail
The barracuda is eating
Current Position : 11 20
The peacock is spreading its tail
The barracuda is eating
Current Position : 10 20
The peacock is spreading its tail
The barracuda is eating
Current Position : 9 20
The parrot is imitating someone's voice that said 'I'm handsome!'
Current Position : 8 20
The parrot is imitating someone's voice that said 'I'm handsome!'
Current Position : 7 20
Current Position : 7 21
The parrot is imitating someone's voice that said 'I'm handsome!'
Whoa! I thought it was plant. It is lionfish!
Current Position : 7 22
The parrot is imitating someone's voice that said 'I'm handsome!'
Whoa! I thought it was plant. It is lionfish!
Current Position : 7 23
The parrot is imitating someone's voice that said 'I'm handsome!'
Whoa! I thought it was plant. It is lionfish!
Current Position : 7 24
The parrot is imitating someone's voice that said 'I'm handsome!'
Whoa! I thought it was plant. It is lionfish!
Current Position : 7 25
The parrot is imitating someone's voice that said 'I'm handsome!'
Current Position : 6 25
The tiger is roaring. The sound that tiger produce is rawwrrrrr!
Whoa! I thought it was plant. It is lionfish!
Current Position : 5 25
The tiger is roaring. The sound that tiger produce is rawwrrrrr!
Whoa! I thought it was plant. It is lionfish!
Current Position : 4 25
The eagle is eating its food that the zoo keeper gave
Current Position : 4 26
The tiger is roaring. The sound that tiger produce is rawwrrrrr!
Whoa! I thought it was plant. It is lionfish!
The seahorse is camouflaging, preparing to ambush its prey
Current Position : 4 27
The tiger is roaring. The sound that tiger produce is rawwrrrrr!
Whoa! I thought it was plant. It is lionfish!
The seahorse is camouflaging, preparing to ambush its prey
Current Position : 4 28
The tiger is roaring. The sound that tiger produce is rawwrrrrr!
Whoa! I thought it was plant. It is lionfish!
The seahorse is camouflaging, preparing to ambush its prey
Current Position : 4 29
The tiger is roaring. The sound that tiger produce is rawwrrrrr!
Whoa! I thought it was plant. It is lionfish!
The seahorse is camouflaging, preparing to ambush its prey
Current Position : 4 30
The tiger is roaring. The sound that tiger produce is rawwrrrrr!
Whoa! I thought it was plant. It is lionfish!
The seahorse is camouflaging, preparing to ambush its prey
Current Position : 4 31
The tiger is roaring. The sound that tiger produce is rawwrrrrr!
Whoa! I thought it was plant. It is lionfish!
The seahorse is camouflaging, preparing to ambush its prey
Current Position : 4 32
The eagle is eating its food that the zoo keeper gave
Current Position : 5 32
The eagle is eating its food that the zoo keeper gave
The tiger is roaring. The sound that tiger produce is rawwrrrrr!
Current Position : 6 32
The tiger is roaring. The sound that tiger produce is rawwrrrrr!
The parrot is imitating someone's voice that said 'I'm handsome!'
Input [back] to return to menu:                                                                         
                                                                        
                                                                        
   __      __ _        _                  _   ______                    
   \ \    / /(_)      | |                | | |___  /                    
    \ \  / /  _  _ __ | |_  _   _   __ _ | |    / /  ___    ___         
     \ \/ /  | || '__|| __|| | | | / _` || |   / /  / _ \  / _ \        
      \  /   | || |   | |_ | |_| || (_| || |  / /__| (_) || (_) |       
       \/    |_||_|    \__| \__,_| \__,_||_| /_____|\___/  \___/        
                                                                        
                                                                        
       1. Display zoo                                                   
       2. Tour zoo                                                      
       3. Display food statistics                                       
       4. Exit                                                          
                                                                        
                                                                        
                                                                        
                                                                        
                                                                        
Select menu option [1|2|3|4]: 