                                                                        
                                                                        
                                                                        
   __      __ _        _                  _   ______                    
   \ \    / /(_)      | |                | | |___  /                    
    \ \  / /  _  _ __ | |_  _   _   __ _ | |    / /  ___    ___         
     \ \/ /  | || '__|| __|| | | | / _` || |   / /  / _ \  / _ \        
      \  /   | || |   | |_ | |_| || (_| || |  / /__| (_) || (_) |       
       \/    |_||_|    \__| \__,_| \__,_||_| /_____|\___/  \___/        
                                                                        
                                                                        
       1. Display zoo                                                   
       2. Tour zoo                                                      
       3. Display food statistics                                       
       4. Exit                                                          
                                                                        
                                                                        
                                                                        
                                                                        
                                                                        
Select menu option [1|2|3|4]: Total meat needed: 382.375
Total vegetable needed: 63.475
Input [back] to return to menu:                                                                         
                                                                        
                                                                        
   __      __ _        _                  _   ______                    
   \ \    / /(_)      | |                | | |___  /                    
    \ \  / /  _  _ __ | |_  _   _   __ _ | |    / /  ___    ___         
     \ \/ /  | || '__|| __|| | | | / _` || |   / /  / _ \  / _ \        
      \  /   | || |   | |_ | |_| || (_| || |  / /__| (_) || (_) |       
       \/    |_||_|    \__| \__,_| \__,_||_| /_____|\___/  \___/        
                                                                        
                                                                        
       1. Display zoo                                                   
       2. Tour zoo                                                      
       3. Display food statistics                                       
       4. Exit                                                          
                                                                        
                                                                        
                                                                        
                                                                        
                                                                        
Select menu option [1|2|3|4]: 